SF:lib/page/home_logic.dart
DA:11,3
DA:12,6
DA:13,9
DA:14,9
DA:15,6
DA:16,3
DA:18,3
DA:21,3
DA:22,15
DA:25,2
DA:27,4
DA:28,10
DA:34,3
DA:35,6
DA:36,6
DA:37,3
DA:39,3
DA:43,3
DA:44,6
DA:47,3
DA:48,6
DA:51,3
DA:52,15
DA:55,2
DA:56,2
DA:57,2
DA:58,2
DA:59,2
DA:60,2
DA:62,2
LF:30
LH:30
end_of_record
SF:lib/extension/icons_data.dart
DA:6,2
DA:8,2
DA:9,2
DA:10,2
LF:4
LH:4
end_of_record
SF:lib/page/widgets/body_home_view.dart
DA:4,5
DA:6,2
DA:7,2
DA:14,2
DA:16,2
DA:17,4
DA:18,6
DA:21,2
DA:23,2
DA:24,2
DA:26,4
DA:27,4
DA:28,2
DA:29,4
DA:30,4
DA:33,2
DA:34,4
DA:35,8
DA:36,2
DA:37,4
DA:40,4
DA:44,2
DA:45,4
DA:57,2
DA:58,4
DA:59,2
DA:60,4
DA:61,6
DA:63,2
DA:66,2
DA:67,10
DA:68,4
DA:69,4
DA:70,4
DA:72,6
DA:73,8
DA:74,4
LF:37
LH:37
end_of_record
SF:lib/page/widgets/build_index_item_widget.dart
DA:7,2
DA:15,2
DA:17,2
DA:18,2
DA:19,2
DA:21,2
DA:23,2
DA:24,2
DA:25,2
DA:27,6
DA:28,2
DA:29,6
DA:32,6
DA:36,2
DA:37,2
LF:15
LH:15
end_of_record
SF:lib/page/home_view.dart
DA:8,3
DA:10,2
DA:12,2
DA:13,2
LF:4
LH:4
end_of_record
SF:lib/utils/bottom_sheet_widget/bottom_sheet_widget.dart
DA:6,2
DA:8,2
DA:9,2
DA:10,2
DA:11,2
DA:12,2
DA:13,2
DA:15,2
DA:16,8
DA:17,2
DA:18,8
DA:19,2
DA:21,2
DA:22,2
DA:23,2
DA:24,2
DA:25,2
DA:26,6
DA:27,6
DA:28,2
DA:29,6
DA:30,6
DA:31,2
DA:33,2
DA:35,2
DA:36,2
DA:37,4
DA:40,2
DA:41,4
DA:42,4
DA:46,6
LF:31
LH:31
end_of_record
SF:lib/utils/bottom_sheet_widget/bottom_sheet_logic.dart
DA:6,2
DA:8,4
DA:9,6
DA:15,3
DA:16,18
DA:19,3
DA:20,7
DA:23,3
DA:24,12
LF:9
LH:9
end_of_record
SF:lib/root_widget.dart
DA:5,1
DA:6,1
DA:9,1
DA:10,1
LF:4
LH:4
end_of_record
