SF:lib/root_widget.dart
DA:6,1
DA:8,1
DA:10,1
DA:11,1
DA:12,1
LF:5
LH:5
end_of_record
SF:lib/extension/icons_data.dart
DA:6,1
DA:8,1
DA:9,1
DA:10,1
LF:4
LH:4
end_of_record
SF:lib/page/home_logic.dart
DA:11,1
DA:12,2
DA:13,3
DA:14,3
DA:15,2
DA:16,1
DA:18,1
DA:21,1
DA:22,2
DA:25,0
DA:27,0
DA:28,0
DA:34,0
DA:35,0
DA:36,0
DA:37,0
DA:39,0
DA:43,0
DA:44,0
DA:47,0
DA:48,0
DA:51,0
DA:52,0
DA:55,1
DA:56,1
DA:57,1
DA:58,1
DA:59,1
DA:60,1
DA:62,1
LF:30
LH:16
end_of_record
SF:lib/page/widgets/build_index_item_widget.dart
DA:7,1
DA:14,1
DA:16,1
DA:17,1
DA:18,1
DA:20,1
DA:22,1
DA:23,1
DA:24,1
DA:26,3
DA:27,1
DA:28,3
DA:31,3
DA:35,1
DA:36,1
LF:15
LH:15
end_of_record
SF:lib/page/widgets/body_home_view.dart
DA:4,1
DA:6,1
DA:7,1
DA:14,1
DA:16,1
DA:17,2
DA:18,3
DA:21,1
DA:23,1
DA:24,1
DA:25,2
DA:26,2
DA:27,1
DA:28,2
DA:29,2
DA:32,1
DA:33,4
DA:34,1
DA:35,0
DA:38,2
DA:42,1
DA:43,2
DA:55,0
DA:56,0
DA:57,0
DA:58,0
DA:59,0
DA:61,0
DA:64,0
DA:65,0
DA:66,0
DA:67,0
DA:68,0
DA:70,0
DA:71,0
DA:72,0
LF:36
LH:21
end_of_record
SF:lib/page/home_view.dart
DA:8,1
DA:10,1
DA:12,1
DA:13,1
LF:4
LH:4
end_of_record
SF:lib/utils/bottom_sheet_widget/bottom_sheet_widget.dart
DA:7,0
DA:8,0
DA:9,0
DA:10,0
DA:11,0
DA:12,0
DA:13,0
DA:14,0
DA:16,0
DA:17,0
DA:18,0
DA:19,0
DA:20,0
DA:22,0
DA:23,0
DA:24,0
DA:25,0
DA:26,0
DA:27,0
DA:28,0
DA:29,0
DA:30,0
DA:32,0
DA:34,0
DA:35,0
DA:36,0
DA:39,0
DA:40,0
DA:41,0
DA:45,0
LF:30
LH:0
end_of_record
SF:lib/utils/app_constants.dart
DA:4,3
LF:1
LH:1
end_of_record
SF:lib/utils/bottom_sheet_widget/bottom_sheet_logic.dart
DA:6,0
DA:8,0
DA:9,0
DA:15,0
DA:16,0
DA:19,0
DA:20,0
DA:23,0
DA:24,0
LF:9
LH:0
end_of_record
